[debug] [2022-03-15T16:54:23.127Z] ----------------------------------------------------------------------
[debug] [2022-03-15T16:54:23.130Z] Command:       /home/gitpod/.nvm/versions/node/v16.13.2/bin/node /home/gitpod/.nvm/versions/node/v16.13.2/bin/firebase emulators:start
[debug] [2022-03-15T16:54:23.130Z] CLI Version:   10.2.2
[debug] [2022-03-15T16:54:23.131Z] Platform:      linux
[debug] [2022-03-15T16:54:23.132Z] Node Version:  v16.13.2
[debug] [2022-03-15T16:54:23.132Z] Time:          Tue Mar 15 2022 16:54:23 GMT+0000 (Coordinated Universal Time)
[debug] [2022-03-15T16:54:23.132Z] ----------------------------------------------------------------------
[debug] 
[debug] [2022-03-15T16:54:23.214Z] > command requires scopes: ["email","openid","https://www.googleapis.com/auth/cloudplatformprojects.readonly","https://www.googleapis.com/auth/firebase","https://www.googleapis.com/auth/cloud-platform"]
[debug] [2022-03-15T16:54:23.215Z] > authorizing via signed-in user (wszyzdgo@gmail.com)
[info] i  emulators: Starting emulators: functions, database {"metadata":{"emulator":{"name":"hub"},"message":"Starting emulators: functions, database"}}
[debug] [2022-03-15T16:54:23.240Z] [hub] writing locator at /tmp/hub-memory-game-kajtek.json
[warn] ⚠  functions: The following emulators are not running, calls to these services from the Functions emulator will affect production: auth, firestore, hosting, pubsub, storage {"metadata":{"emulator":{"name":"functions"},"message":"The following emulators are not running, calls to these services from the Functions emulator will affect production: \u001b[1mauth, firestore, hosting, pubsub, storage\u001b[22m"}}
[info] ✔  functions: Using node@16 from host. {"metadata":{"emulator":{"name":"functions"},"message":"Using node@16 from host."}}
[debug] [2022-03-15T16:54:23.265Z] defaultcredentials: writing to file /home/gitpod/.config/firebase/wszyzdgo_gmail_com_application_default_credentials.json
[debug] [2022-03-15T16:54:23.271Z] Setting GAC to /home/gitpod/.config/firebase/wszyzdgo_gmail_com_application_default_credentials.json {"metadata":{"emulator":{"name":"functions"},"message":"Setting GAC to /home/gitpod/.config/firebase/wszyzdgo_gmail_com_application_default_credentials.json"}}
[debug] [2022-03-15T16:54:23.273Z] >>> [apiv2][query] GET https://firebase.googleapis.com/v1beta1/projects/memory-game-kajtek/adminSdkConfig [none]
[debug] [2022-03-15T16:54:23.444Z] <<< [apiv2][status] GET https://firebase.googleapis.com/v1beta1/projects/memory-game-kajtek/adminSdkConfig 200
[debug] [2022-03-15T16:54:23.444Z] <<< [apiv2][body] GET https://firebase.googleapis.com/v1beta1/projects/memory-game-kajtek/adminSdkConfig {"projectId":"memory-game-kajtek","databaseURL":"https://memory-game-kajtek-default-rtdb.europe-west1.firebasedatabase.app","storageBucket":"memory-game-kajtek.appspot.com"}
[debug] [2022-03-15T16:54:23.453Z] >>> [apiv2][query] GET https://firebase.googleapis.com/v1beta1/projects/memory-game-kajtek [none]
[debug] [2022-03-15T16:54:23.610Z] <<< [apiv2][status] GET https://firebase.googleapis.com/v1beta1/projects/memory-game-kajtek 200
[debug] [2022-03-15T16:54:23.610Z] <<< [apiv2][body] GET https://firebase.googleapis.com/v1beta1/projects/memory-game-kajtek {"projectId":"memory-game-kajtek","projectNumber":"453651140732","displayName":"memory-game","name":"projects/memory-game-kajtek","resources":{"hostingSite":"memory-game-kajtek","realtimeDatabaseInstance":"memory-game-kajtek-default-rtdb"},"state":"ACTIVE"}
[debug] [2022-03-15T16:54:23.611Z] database rules config:  []
[warn] ⚠  database: Did not find a Realtime Database rules file specified in a firebase.json config file. The emulator will default to allowing all reads and writes. Learn more about this option: https://firebase.google.com/docs/emulator-suite/install_and_configure#security_rules_configuration. {"metadata":{"emulator":{"name":"database"},"message":"Did not find a Realtime Database rules file specified in a firebase.json config file. The emulator will default to allowing all reads and writes. Learn more about this option: https://firebase.google.com/docs/emulator-suite/install_and_configure#security_rules_configuration."}}
[debug] [2022-03-15T16:54:23.613Z] Ignoring unsupported arg: projectId {"metadata":{"emulator":{"name":"database"},"message":"Ignoring unsupported arg: projectId"}}
[debug] [2022-03-15T16:54:23.613Z] Ignoring unsupported arg: auto_download {"metadata":{"emulator":{"name":"database"},"message":"Ignoring unsupported arg: auto_download"}}
[debug] [2022-03-15T16:54:23.613Z] Ignoring unsupported arg: rules {"metadata":{"emulator":{"name":"database"},"message":"Ignoring unsupported arg: rules"}}
[debug] [2022-03-15T16:54:23.613Z] Starting Database Emulator with command {"binary":"java","args":["-Duser.language=en","-jar","/home/gitpod/.cache/firebase/emulators/firebase-database-emulator-v4.7.3.jar","--host","localhost","--port",9000,"--functions_emulator_host","localhost","--functions_emulator_port",5001],"optionalArgs":["port","host","functions_emulator_port","functions_emulator_host"],"joinArgs":false} {"metadata":{"emulator":{"name":"database"},"message":"Starting Database Emulator with command {\"binary\":\"java\",\"args\":[\"-Duser.language=en\",\"-jar\",\"/home/gitpod/.cache/firebase/emulators/firebase-database-emulator-v4.7.3.jar\",\"--host\",\"localhost\",\"--port\",9000,\"--functions_emulator_host\",\"localhost\",\"--functions_emulator_port\",5001],\"optionalArgs\":[\"port\",\"host\",\"functions_emulator_port\",\"functions_emulator_host\"],\"joinArgs\":false}"}}
[info] i  database: Database Emulator logging to database-debug.log {"metadata":{"emulator":{"name":"database"},"message":"Database Emulator logging to \u001b[1mdatabase-debug.log\u001b[22m"}}
[debug] [2022-03-15T16:54:23.628Z] Picked up JAVA_TOOL_OPTIONS:  -Xmx3435m
 {"metadata":{"emulator":{"name":"database"},"message":"Picked up JAVA_TOOL_OPTIONS:  -Xmx3435m\n"}}
[debug] [2022-03-15T16:54:24.396Z] WARNING: An illegal reflective access operation has occurred
WARNING: Illegal reflective access by io.netty.util.internal.ReflectionUtil (file:/home/gitpod/.cache/firebase/emulators/firebase-database-emulator-v4.7.3.jar) to field sun.nio.ch.SelectorImpl.selectedKeys
WARNING: Please consider reporting this to the maintainers of io.netty.util.internal.ReflectionUtil
WARNING: Use --illegal-access=warn to enable warnings of further illegal reflective access operations
WARNING: All illegal access operations will be denied in a future release
 {"metadata":{"emulator":{"name":"database"},"message":"WARNING: An illegal reflective access operation has occurred\nWARNING: Illegal reflective access by io.netty.util.internal.ReflectionUtil (file:/home/gitpod/.cache/firebase/emulators/firebase-database-emulator-v4.7.3.jar) to field sun.nio.ch.SelectorImpl.selectedKeys\nWARNING: Please consider reporting this to the maintainers of io.netty.util.internal.ReflectionUtil\nWARNING: Use --illegal-access=warn to enable warnings of further illegal reflective access operations\nWARNING: All illegal access operations will be denied in a future release\n"}}
[debug] [2022-03-15T16:54:25.263Z] 16:54:25.250 [NamespaceSystem-akka.actor.default-dispatcher-5] INFO akka.event.slf4j.Slf4jLogger - Slf4jLogger started
 {"metadata":{"emulator":{"name":"database"},"message":"16:54:25.250 [NamespaceSystem-akka.actor.default-dispatcher-5] INFO akka.event.slf4j.Slf4jLogger - Slf4jLogger started\n"}}
[debug] [2022-03-15T16:54:25.442Z] 16:54:25.441 [main] INFO com.firebase.server.forge.App$ - Listening at localhost:9000
 {"metadata":{"emulator":{"name":"database"},"message":"16:54:25.441 [main] INFO com.firebase.server.forge.App$ - Listening at localhost:9000\n"}}
[debug] [2022-03-15T16:54:25.643Z] Ignoring unsupported arg: auto_download {"metadata":{"emulator":{"name":"ui"},"message":"Ignoring unsupported arg: auto_download"}}
[debug] [2022-03-15T16:54:25.643Z] Ignoring unsupported arg: port {"metadata":{"emulator":{"name":"ui"},"message":"Ignoring unsupported arg: port"}}
[debug] [2022-03-15T16:54:25.643Z] Starting Emulator UI with command {"binary":"node","args":["/home/gitpod/.cache/firebase/emulators/ui-v1.6.5/server.bundle.js"],"optionalArgs":[],"joinArgs":false} {"metadata":{"emulator":{"name":"ui"},"message":"Starting Emulator UI with command {\"binary\":\"node\",\"args\":[\"/home/gitpod/.cache/firebase/emulators/ui-v1.6.5/server.bundle.js\"],\"optionalArgs\":[],\"joinArgs\":false}"}}
[info] i  ui: Emulator UI logging to ui-debug.log {"metadata":{"emulator":{"name":"ui"},"message":"Emulator UI logging to \u001b[1mui-debug.log\u001b[22m"}}
[debug] [2022-03-15T16:54:25.776Z] Web / API server started at localhost:4000
 {"metadata":{"emulator":{"name":"ui"},"message":"Web / API server started at localhost:4000\n"}}
[info] i  functions: Watching "/workspace/memory-game/functions" for Cloud Functions... {"metadata":{"emulator":{"name":"functions"},"message":"Watching \"/workspace/memory-game/functions\" for Cloud Functions..."}}
[debug] [2022-03-15T16:54:25.914Z] Validating nodejs source
[debug] [2022-03-15T16:54:26.987Z] > [functions] package.json contents: {
  "name": "functions",
  "scripts": {
    "lint": "eslint --ext .js,.ts .",
    "build": "tsc",
    "watch": "tsc -w",
    "serve": "npm run build && firebase emulators:start --only functions",
    "shell": "npm run build && firebase functions:shell",
    "start": "npm run shell",
    "deploy": "firebase deploy --only functions",
    "logs": "firebase functions:log"
  },
  "engines": {
    "node": "16"
  },
  "main": "lib/index.js",
  "dependencies": {
    "firebase-admin": "^10.0.2",
    "firebase-functions": "^3.18.0"
  },
  "devDependencies": {
    "@typescript-eslint/eslint-plugin": "^5.12.0",
    "@typescript-eslint/parser": "^5.12.0",
    "eslint": "^8.9.0",
    "eslint-config-google": "^0.14.0",
    "eslint-config-prettier": "^8.5.0",
    "eslint-plugin-import": "^2.25.4",
    "firebase-functions-test": "^0.2.0",
    "typescript": "^4.5.4"
  },
  "private": true
}
[debug] [2022-03-15T16:54:26.988Z] Building nodejs source
[debug] [2022-03-15T16:54:26.988Z] Analyzing nodejs backend spec
[info] ✔  functions[us-central1-helloWorld]: http function initialized (http://localhost:5001/memory-game-kajtek/us-central1/helloWorld). {"metadata":{"emulator":{"name":"functions"},"message":"\u001b[1mhttp\u001b[22m function initialized (http://localhost:5001/memory-game-kajtek/us-central1/helloWorld)."}}
[debug] [2022-03-15T16:54:27.090Z] addRealtimeDatabaseTrigger[memory-game-kajtek-default-rtdb] "{\"name\":\"projects/memory-game-kajtek/locations/_/functions/us-central1-helloWorld2-0\",\"path\":\"/tournament\",\"event\":\"providers/google.firebase.database/eventTypes/ref.update\",\"topic\":\"projects/memory-game-kajtek/topics/us-central1-helloWorld2-0\"}"
[debug] [2022-03-15T16:54:27.091Z] >>> HTTP REQUEST POST http://localhost:9000/.settings/functionTriggers.json?ns=memory-game-kajtek-default-rtdb  
 {"name":"projects/memory-game-kajtek/locations/_/functions/us-central1-helloWorld2-0","path":"/tournament","event":"providers/google.firebase.database/eventTypes/ref.update","topic":"projects/memory-game-kajtek/topics/us-central1-helloWorld2-0"}
[debug] [2022-03-15T16:54:27.526Z] <<< HTTP RESPONSE 200 {"content-length":"15","content-type":"application/json; charset=utf-8","access-control-allow-origin":"*","cache-control":"no-cache","x-firebase-project-id":"memory-game-kajtek-default-rtdb","x-firebase-project-number":"123456789","x-firebase-uuid":"042fe5d6-a529-470e-ac92-6cbceba48390"}
[info] ✔  functions[us-central1-helloWorld2]: database function initialized. {"metadata":{"emulator":{"name":"functions"},"message":"\u001b[1mdatabase\u001b[22m function initialized."}}
[info] 
┌─────────────────────────────────────────────────────────────┐
│ ✔  All emulators ready! It is now safe to connect your app. │
│ i  View Emulator UI at http://localhost:4000                │
└─────────────────────────────────────────────────────────────┘

┌───────────┬────────────────┬─────────────────────────────────┐
│ Emulator  │ Host:Port      │ View in Emulator UI             │
├───────────┼────────────────┼─────────────────────────────────┤
│ Functions │ localhost:5001 │ http://localhost:4000/functions │
├───────────┼────────────────┼─────────────────────────────────┤
│ Database  │ localhost:9000 │ http://localhost:4000/database  │
└───────────┴────────────────┴─────────────────────────────────┘
  Emulator Hub running at localhost:4400
  Other reserved ports: 4500

Issues? Report them at https://github.com/firebase/firebase-tools/issues and attach the *-debug.log files.
 
